<?xml version="1.0" encoding="UTF-8"?>
<testng-results ignored="0" total="9" passed="8" failed="1" skipped="0">
  <reporter-output>
  </reporter-output>
  <suite started-at="2020-05-15T11:32:44 IST" name="Surefire suite" finished-at="2020-05-15T11:35:48 IST" duration-ms="184288">
    <groups>
    </groups>
    <test started-at="2020-05-15T11:32:44 IST" name="Surefire test" finished-at="2020-05-15T11:35:48 IST" duration-ms="184288">
      <class name="com.amazon.qa.tests.SearchPageTest">
        <test-method is-config="true" signature="setup()[pri:0, instance:com.amazon.qa.tests.SearchPageTest@10d59286]" started-at="2020-05-15T11:35:07 IST" name="setup" finished-at="2020-05-15T11:35:27 IST" duration-ms="20748" status="PASS">
          <reporter-output>
          </reporter-output>
        </test-method> <!-- setup -->
        <test-method signature="listTest()[pri:0, instance:com.amazon.qa.tests.SearchPageTest@10d59286]" started-at="2020-05-15T11:35:27 IST" name="listTest" finished-at="2020-05-15T11:35:48 IST" duration-ms="20809" status="FAIL">
          <exception class="org.openqa.selenium.NoSuchElementException">
            <message>
              <![CDATA[no such element: Unable to locate element: {"method":"xpath","selector":"//img[@src='https://m.media-amazon.com/images/I/61zLDSMp+5L._AC_UL320_.jpg']"}
  (Session info: chrome=81.0.4044.138)
For documentation on this error, please visit: https://www.seleniumhq.org/exceptions/no_such_element.html
Build info: version: '3.141.59', revision: 'e82be7d358', time: '2018-11-14T08:17:03'
System info: host: '1035-IND', ip: '2409:4053:61f:e598:a9fd:37bc:f0f4:af55%en0', os.name: 'Mac OS X', os.arch: 'x86_64', os.version: '10.15.3', java.version: '13.0.2'
Driver info: org.openqa.selenium.chrome.ChromeDriver
Capabilities {acceptInsecureCerts: false, browserName: chrome, browserVersion: 81.0.4044.138, chrome: {chromedriverVersion: 80.0.3987.106 (f68069574609..., userDataDir: /var/folders/zn/9lxb4lx11kn...}, goog:chromeOptions: {debuggerAddress: localhost:64017}, javascriptEnabled: true, networkConnectionEnabled: false, pageLoadStrategy: normal, platform: MAC, platformName: MAC, proxy: Proxy(), setWindowRect: true, strictFileInteractability: false, timeouts: {implicit: 0, pageLoad: 300000, script: 30000}, unhandledPromptBehavior: dismiss and notify}
Session ID: 9775d627869646b4ba4052cd6f1a1134
*** Element info: {Using=xpath, value=//img[@src='https://m.media-amazon.com/images/I/61zLDSMp+5L._AC_UL320_.jpg']}]]>
            </message>
            <full-stacktrace>
              <![CDATA[org.openqa.selenium.NoSuchElementException: no such element: Unable to locate element: {"method":"xpath","selector":"//img[@src='https://m.media-amazon.com/images/I/61zLDSMp+5L._AC_UL320_.jpg']"}
  (Session info: chrome=81.0.4044.138)
For documentation on this error, please visit: https://www.seleniumhq.org/exceptions/no_such_element.html
Build info: version: '3.141.59', revision: 'e82be7d358', time: '2018-11-14T08:17:03'
System info: host: '1035-IND', ip: '2409:4053:61f:e598:a9fd:37bc:f0f4:af55%en0', os.name: 'Mac OS X', os.arch: 'x86_64', os.version: '10.15.3', java.version: '13.0.2'
Driver info: org.openqa.selenium.chrome.ChromeDriver
Capabilities {acceptInsecureCerts: false, browserName: chrome, browserVersion: 81.0.4044.138, chrome: {chromedriverVersion: 80.0.3987.106 (f68069574609..., userDataDir: /var/folders/zn/9lxb4lx11kn...}, goog:chromeOptions: {debuggerAddress: localhost:64017}, javascriptEnabled: true, networkConnectionEnabled: false, pageLoadStrategy: normal, platform: MAC, platformName: MAC, proxy: Proxy(), setWindowRect: true, strictFileInteractability: false, timeouts: {implicit: 0, pageLoad: 300000, script: 30000}, unhandledPromptBehavior: dismiss and notify}
Session ID: 9775d627869646b4ba4052cd6f1a1134
*** Element info: {Using=xpath, value=//img[@src='https://m.media-amazon.com/images/I/61zLDSMp+5L._AC_UL320_.jpg']}
at java.base/jdk.internal.reflect.NativeConstructorAccessorImpl.newInstance0(Native Method)
at java.base/jdk.internal.reflect.NativeConstructorAccessorImpl.newInstance(NativeConstructorAccessorImpl.java:62)
at java.base/jdk.internal.reflect.DelegatingConstructorAccessorImpl.newInstance(DelegatingConstructorAccessorImpl.java:45)
at java.base/java.lang.reflect.Constructor.newInstanceWithCaller(Constructor.java:500)
at java.base/java.lang.reflect.Constructor.newInstance(Constructor.java:481)
at org.openqa.selenium.remote.http.W3CHttpResponseCodec.createException(W3CHttpResponseCodec.java:187)
at org.openqa.selenium.remote.http.W3CHttpResponseCodec.decode(W3CHttpResponseCodec.java:122)
at org.openqa.selenium.remote.http.W3CHttpResponseCodec.decode(W3CHttpResponseCodec.java:49)
at org.openqa.selenium.remote.HttpCommandExecutor.execute(HttpCommandExecutor.java:158)
at org.openqa.selenium.remote.service.DriverCommandExecutor.execute(DriverCommandExecutor.java:83)
at org.openqa.selenium.remote.RemoteWebDriver.execute(RemoteWebDriver.java:552)
at org.openqa.selenium.remote.RemoteWebDriver.findElement(RemoteWebDriver.java:323)
at org.openqa.selenium.remote.RemoteWebDriver.findElementByXPath(RemoteWebDriver.java:428)
at org.openqa.selenium.By$ByXPath.findElement(By.java:353)
at org.openqa.selenium.remote.RemoteWebDriver.findElement(RemoteWebDriver.java:315)
at jdk.internal.reflect.GeneratedMethodAccessor4.invoke(Unknown Source)
at java.base/jdk.internal.reflect.DelegatingMethodAccessorImpl.invoke(DelegatingMethodAccessorImpl.java:43)
at java.base/java.lang.reflect.Method.invoke(Method.java:567)
at org.openqa.selenium.support.events.EventFiringWebDriver.lambda$new$1(EventFiringWebDriver.java:105)
at com.sun.proxy.$Proxy8.findElement(Unknown Source)
at org.openqa.selenium.support.events.EventFiringWebDriver.findElement(EventFiringWebDriver.java:194)
at org.openqa.selenium.support.pagefactory.DefaultElementLocator.findElement(DefaultElementLocator.java:69)
at org.openqa.selenium.support.pagefactory.internal.LocatingElementHandler.invoke(LocatingElementHandler.java:38)
at com.sun.proxy.$Proxy12.click(Unknown Source)
at com.amazon.qa.Pages.SearchPage.validateSearchImage(SearchPage.java:31)
at com.amazon.qa.tests.SearchPageTest.listTest(SearchPageTest.java:41)
at java.base/jdk.internal.reflect.NativeMethodAccessorImpl.invoke0(Native Method)
at java.base/jdk.internal.reflect.NativeMethodAccessorImpl.invoke(NativeMethodAccessorImpl.java:62)
at java.base/jdk.internal.reflect.DelegatingMethodAccessorImpl.invoke(DelegatingMethodAccessorImpl.java:43)
at java.base/java.lang.reflect.Method.invoke(Method.java:567)
at org.testng.internal.MethodInvocationHelper.invokeMethod(MethodInvocationHelper.java:134)
at org.testng.internal.TestInvoker.invokeMethod(TestInvoker.java:597)
at org.testng.internal.TestInvoker.invokeTestMethod(TestInvoker.java:173)
at org.testng.internal.MethodRunner.runInSequence(MethodRunner.java:46)
at org.testng.internal.TestInvoker$MethodInvocationAgent.invoke(TestInvoker.java:816)
at org.testng.internal.TestInvoker.invokeTestMethods(TestInvoker.java:146)
at org.testng.internal.TestMethodWorker.invokeTestMethods(TestMethodWorker.java:146)
at org.testng.internal.TestMethodWorker.run(TestMethodWorker.java:128)
at java.base/java.util.ArrayList.forEach(ArrayList.java:1507)
at org.testng.TestRunner.privateRun(TestRunner.java:766)
at org.testng.TestRunner.run(TestRunner.java:587)
at org.testng.SuiteRunner.runTest(SuiteRunner.java:384)
at org.testng.SuiteRunner.runSequentially(SuiteRunner.java:378)
at org.testng.SuiteRunner.privateRun(SuiteRunner.java:337)
at org.testng.SuiteRunner.run(SuiteRunner.java:286)
at org.testng.SuiteRunnerWorker.runSuite(SuiteRunnerWorker.java:53)
at org.testng.SuiteRunnerWorker.run(SuiteRunnerWorker.java:96)
at org.testng.TestNG.runSuitesSequentially(TestNG.java:1187)
at org.testng.TestNG.runSuitesLocally(TestNG.java:1109)
at org.testng.TestNG.runSuites(TestNG.java:1039)
at org.testng.TestNG.run(TestNG.java:1007)
at org.apache.maven.surefire.testng.TestNGExecutor.run(TestNGExecutor.java:135)
at org.apache.maven.surefire.testng.TestNGDirectoryTestSuite.executeMulti(TestNGDirectoryTestSuite.java:193)
at org.apache.maven.surefire.testng.TestNGDirectoryTestSuite.execute(TestNGDirectoryTestSuite.java:94)
at org.apache.maven.surefire.testng.TestNGProvider.invoke(TestNGProvider.java:146)
at org.apache.maven.surefire.booter.ForkedBooter.invokeProviderInSameClassLoader(ForkedBooter.java:384)
at org.apache.maven.surefire.booter.ForkedBooter.runSuitesInProcess(ForkedBooter.java:345)
at org.apache.maven.surefire.booter.ForkedBooter.execute(ForkedBooter.java:126)
at org.apache.maven.surefire.booter.ForkedBooter.main(ForkedBooter.java:418)
]]>
            </full-stacktrace>
          </exception> <!-- org.openqa.selenium.NoSuchElementException -->
          <reporter-output>
          </reporter-output>
        </test-method> <!-- listTest -->
        <test-method is-config="true" signature="teardown()[pri:0, instance:com.amazon.qa.tests.SearchPageTest@10d59286]" started-at="2020-05-15T11:35:48 IST" name="teardown" finished-at="2020-05-15T11:35:48 IST" duration-ms="164" status="PASS">
          <reporter-output>
          </reporter-output>
        </test-method> <!-- teardown -->
      </class> <!-- com.amazon.qa.tests.SearchPageTest -->
      <class name="com.amazon.qa.tests.HomePageTest">
        <test-method is-config="true" signature="setup()[pri:0, instance:com.amazon.qa.tests.HomePageTest@17211155]" started-at="2020-05-15T11:32:44 IST" name="setup" finished-at="2020-05-15T11:33:02 IST" duration-ms="17898" status="PASS">
          <reporter-output>
          </reporter-output>
        </test-method> <!-- setup -->
        <test-method signature="homePagetitleTest()[pri:1, instance:com.amazon.qa.tests.HomePageTest@17211155]" started-at="2020-05-15T11:33:02 IST" name="homePagetitleTest" finished-at="2020-05-15T11:33:02 IST" duration-ms="16" status="PASS">
          <reporter-output>
          </reporter-output>
        </test-method> <!-- homePagetitleTest -->
        <test-method is-config="true" signature="tearDown()[pri:0, instance:com.amazon.qa.tests.HomePageTest@17211155]" started-at="2020-05-15T11:33:02 IST" name="tearDown" finished-at="2020-05-15T11:33:02 IST" duration-ms="146" status="PASS">
          <reporter-output>
          </reporter-output>
        </test-method> <!-- tearDown -->
        <test-method is-config="true" signature="setup()[pri:0, instance:com.amazon.qa.tests.HomePageTest@17211155]" started-at="2020-05-15T11:33:02 IST" name="setup" finished-at="2020-05-15T11:33:18 IST" duration-ms="16122" status="PASS">
          <reporter-output>
          </reporter-output>
        </test-method> <!-- setup -->
        <test-method signature="labelTest()[pri:2, instance:com.amazon.qa.tests.HomePageTest@17211155]" started-at="2020-05-15T11:33:18 IST" name="labelTest" finished-at="2020-05-15T11:33:18 IST" duration-ms="69" status="PASS">
          <reporter-output>
          </reporter-output>
        </test-method> <!-- labelTest -->
        <test-method is-config="true" signature="tearDown()[pri:0, instance:com.amazon.qa.tests.HomePageTest@17211155]" started-at="2020-05-15T11:33:18 IST" name="tearDown" finished-at="2020-05-15T11:33:19 IST" duration-ms="130" status="PASS">
          <reporter-output>
          </reporter-output>
        </test-method> <!-- tearDown -->
        <test-method is-config="true" signature="setup()[pri:0, instance:com.amazon.qa.tests.HomePageTest@17211155]" started-at="2020-05-15T11:33:19 IST" name="setup" finished-at="2020-05-15T11:33:36 IST" duration-ms="16994" status="PASS">
          <reporter-output>
          </reporter-output>
        </test-method> <!-- setup -->
        <test-method signature="cartPageTest()[pri:3, instance:com.amazon.qa.tests.HomePageTest@17211155]" started-at="2020-05-15T11:33:36 IST" name="cartPageTest" finished-at="2020-05-15T11:33:47 IST" duration-ms="11812" status="PASS">
          <reporter-output>
          </reporter-output>
        </test-method> <!-- cartPageTest -->
        <test-method is-config="true" signature="tearDown()[pri:0, instance:com.amazon.qa.tests.HomePageTest@17211155]" started-at="2020-05-15T11:33:47 IST" name="tearDown" finished-at="2020-05-15T11:33:48 IST" duration-ms="181" status="PASS">
          <reporter-output>
          </reporter-output>
        </test-method> <!-- tearDown -->
        <test-method is-config="true" signature="setup()[pri:0, instance:com.amazon.qa.tests.HomePageTest@17211155]" started-at="2020-05-15T11:33:48 IST" name="setup" finished-at="2020-05-15T11:34:04 IST" duration-ms="16198" status="PASS">
          <reporter-output>
          </reporter-output>
        </test-method> <!-- setup -->
        <test-method signature="searchPageTest()[pri:4, instance:com.amazon.qa.tests.HomePageTest@17211155]" started-at="2020-05-15T11:34:04 IST" name="searchPageTest" finished-at="2020-05-15T11:34:13 IST" duration-ms="9347" status="PASS">
          <reporter-output>
          </reporter-output>
        </test-method> <!-- searchPageTest -->
        <test-method is-config="true" signature="tearDown()[pri:0, instance:com.amazon.qa.tests.HomePageTest@17211155]" started-at="2020-05-15T11:34:13 IST" name="tearDown" finished-at="2020-05-15T11:34:13 IST" duration-ms="138" status="PASS">
          <reporter-output>
          </reporter-output>
        </test-method> <!-- tearDown -->
      </class> <!-- com.amazon.qa.tests.HomePageTest -->
      <class name="com.amazon.qa.tests.AddressPageTest">
        <test-method is-config="true" signature="setup()[pri:0, instance:com.amazon.qa.tests.AddressPageTest@b3d7190]" started-at="2020-05-15T11:34:14 IST" name="setup" finished-at="2020-05-15T11:34:29 IST" duration-ms="14991" status="PASS">
          <reporter-output>
          </reporter-output>
        </test-method> <!-- setup -->
        <test-method signature="addressTest(java.lang.String, java.lang.String, java.lang.String)[pri:1, instance:com.amazon.qa.tests.AddressPageTest@b3d7190]" started-at="2020-05-15T11:34:29 IST" name="addressTest" data-provider="getAmazonTestData" finished-at="2020-05-15T11:34:37 IST" duration-ms="8142" status="PASS">
          <params>
            <param index="0">
              <value>
                <![CDATA[Shanu kansal]]>
              </value>
            </param>
            <param index="1">
              <value>
                <![CDATA[75 Gandhi Nagar]]>
              </value>
            </param>
            <param index="2">
              <value>
                <![CDATA[Pune]]>
              </value>
            </param>
          </params>
          <reporter-output>
          </reporter-output>
        </test-method> <!-- addressTest -->
        <test-method is-config="true" signature="teardown()[pri:0, instance:com.amazon.qa.tests.AddressPageTest@b3d7190]" started-at="2020-05-15T11:34:37 IST" name="teardown" finished-at="2020-05-15T11:34:38 IST" duration-ms="206" status="PASS">
          <reporter-output>
          </reporter-output>
        </test-method> <!-- teardown -->
      </class> <!-- com.amazon.qa.tests.AddressPageTest -->
      <class name="com.amazon.qa.tests.LoginPageTest">
        <test-method is-config="true" signature="setup()[pri:0, instance:com.amazon.qa.tests.LoginPageTest@5fdba6f9]" started-at="2020-05-15T11:34:38 IST" name="setup" finished-at="2020-05-15T11:34:43 IST" duration-ms="5591" status="PASS">
          <reporter-output>
          </reporter-output>
        </test-method> <!-- setup -->
        <test-method signature="titleTest()[pri:1, instance:com.amazon.qa.tests.LoginPageTest@5fdba6f9]" started-at="2020-05-15T11:34:43 IST" name="titleTest" finished-at="2020-05-15T11:34:46 IST" duration-ms="2352" status="PASS">
          <reporter-output>
          </reporter-output>
        </test-method> <!-- titleTest -->
        <test-method is-config="true" signature="tearDown()[pri:0, instance:com.amazon.qa.tests.LoginPageTest@5fdba6f9]" started-at="2020-05-15T11:34:46 IST" name="tearDown" finished-at="2020-05-15T11:34:46 IST" duration-ms="130" status="PASS">
          <reporter-output>
          </reporter-output>
        </test-method> <!-- tearDown -->
        <test-method is-config="true" signature="setup()[pri:0, instance:com.amazon.qa.tests.LoginPageTest@5fdba6f9]" started-at="2020-05-15T11:34:46 IST" name="setup" finished-at="2020-05-15T11:34:50 IST" duration-ms="4404" status="PASS">
          <reporter-output>
          </reporter-output>
        </test-method> <!-- setup -->
        <test-method signature="logoTest()[pri:2, instance:com.amazon.qa.tests.LoginPageTest@5fdba6f9]" started-at="2020-05-15T11:34:50 IST" name="logoTest" finished-at="2020-05-15T11:34:53 IST" duration-ms="2907" status="PASS">
          <reporter-output>
          </reporter-output>
        </test-method> <!-- logoTest -->
        <test-method is-config="true" signature="tearDown()[pri:0, instance:com.amazon.qa.tests.LoginPageTest@5fdba6f9]" started-at="2020-05-15T11:34:53 IST" name="tearDown" finished-at="2020-05-15T11:34:53 IST" duration-ms="124" status="PASS">
          <reporter-output>
          </reporter-output>
        </test-method> <!-- tearDown -->
        <test-method is-config="true" signature="setup()[pri:0, instance:com.amazon.qa.tests.LoginPageTest@5fdba6f9]" started-at="2020-05-15T11:34:53 IST" name="setup" finished-at="2020-05-15T11:34:58 IST" duration-ms="5355" status="PASS">
          <reporter-output>
          </reporter-output>
        </test-method> <!-- setup -->
        <test-method signature="loginTest()[pri:3, instance:com.amazon.qa.tests.LoginPageTest@5fdba6f9]" started-at="2020-05-15T11:34:58 IST" name="loginTest" finished-at="2020-05-15T11:35:06 IST" duration-ms="8010" status="PASS">
          <reporter-output>
          </reporter-output>
        </test-method> <!-- loginTest -->
        <test-method is-config="true" signature="tearDown()[pri:0, instance:com.amazon.qa.tests.LoginPageTest@5fdba6f9]" started-at="2020-05-15T11:35:06 IST" name="tearDown" finished-at="2020-05-15T11:35:07 IST" duration-ms="141" status="PASS">
          <reporter-output>
          </reporter-output>
        </test-method> <!-- tearDown -->
      </class> <!-- com.amazon.qa.tests.LoginPageTest -->
    </test> <!-- Surefire test -->
  </suite> <!-- Surefire suite -->
</testng-results>
